2023-07-26 11:54:33,694 INFO o.s.b.StartupInfoLogger [main] Starting App using Java 17.0.7 with PID 3721 (/home/kyu/fall-2023/se452-nosql-starter/target/classes started by kyu in /home/kyu/fall-2023/se452-nosql-starter)
2023-07-26 11:54:33,705 INFO o.s.b.SpringApplication [main] The following 2 profiles are active: "user-database", "jwt"
2023-07-26 11:56:21,229 INFO o.s.b.StartupInfoLogger [main] Starting App using Java 17.0.7 with PID 4861 (/home/kyu/fall-2023/se452-nosql-starter/target/classes started by kyu in /home/kyu/fall-2023/se452-nosql-starter)
2023-07-26 11:56:21,272 INFO o.s.b.SpringApplication [main] The following 2 profiles are active: "user-database", "jwt"
2023-07-26 11:57:27,509 INFO o.s.b.StartupInfoLogger [main] Starting App using Java 17.0.7 with PID 5735 (/home/kyu/fall-2023/se452-nosql-starter/target/classes started by kyu in /home/kyu/fall-2023/se452-nosql-starter)
2023-07-26 11:57:27,517 INFO o.s.b.SpringApplication [main] The following 2 profiles are active: "user-database", "jwt"
2023-07-26 11:59:06,721 INFO o.s.b.StartupInfoLogger [main] Starting App using Java 17.0.7 with PID 6789 (/home/kyu/fall-2023/se452-nosql-starter/target/classes started by kyu in /home/kyu/fall-2023/se452-nosql-starter)
2023-07-26 11:59:06,733 INFO o.s.b.SpringApplication [main] The following 2 profiles are active: "user-database", "jwt"
2023-07-26 12:00:37,718 INFO o.s.b.StartupInfoLogger [main] Starting App using Java 17.0.7 with PID 7927 (/home/kyu/fall-2023/se452-nosql-starter/target/classes started by kyu in /home/kyu/fall-2023/se452-nosql-starter)
2023-07-26 12:00:37,723 INFO o.s.b.SpringApplication [main] The following 2 profiles are active: "user-database", "jwt"
2023-07-26 12:01:33,135 INFO o.s.b.StartupInfoLogger [main] Starting App using Java 17.0.7 with PID 8779 (/home/kyu/fall-2023/se452-nosql-starter/target/classes started by kyu in /home/kyu/fall-2023/se452-nosql-starter)
2023-07-26 12:01:33,144 INFO o.s.b.SpringApplication [main] The following 2 profiles are active: "user-database", "jwt"
2023-07-26 12:12:19,281 INFO o.s.b.StartupInfoLogger [main] Starting App using Java 17.0.7 with PID 14276 (/home/kyu/fall-2023/se452-nosql-starter/target/classes started by kyu in /home/kyu/fall-2023/se452-nosql-starter)
2023-07-26 12:12:19,295 INFO o.s.b.SpringApplication [main] The following 2 profiles are active: "user-database", "jwt"
2023-07-26 12:25:24,398 INFO o.s.b.StartupInfoLogger [main] Starting App using Java 17.0.7 with PID 21242 (/home/kyu/fall-2023/se452-nosql-starter/target/classes started by kyu in /home/kyu/fall-2023/se452-nosql-starter)
2023-07-26 12:25:24,402 INFO o.s.b.SpringApplication [main] The following 2 profiles are active: "user-database", "jwt"
2023-07-26 12:26:03,202 INFO o.s.b.StartupInfoLogger [main] Starting App using Java 17.0.7 with PID 21776 (/home/kyu/fall-2023/se452-nosql-starter/target/classes started by kyu in /home/kyu/fall-2023/se452-nosql-starter)
2023-07-26 12:26:03,228 INFO o.s.b.SpringApplication [main] The following 2 profiles are active: "user-database", "jwt"
2023-07-26 12:30:46,544 INFO o.s.b.StartupInfoLogger [main] Starting App using Java 17.0.7 with PID 24922 (/home/kyu/fall-2023/se452-nosql-starter/target/classes started by kyu in /home/kyu/fall-2023/se452-nosql-starter)
2023-07-26 12:30:46,567 INFO o.s.b.SpringApplication [main] The following 2 profiles are active: "user-database", "jwt"
2023-07-26 12:30:48,461 INFO o.s.b.StartupInfoLogger [main] Started App in 2.77 seconds (process running for 4.117)
2023-07-26 12:31:05,648 INFO o.s.b.StartupInfoLogger [main] Starting App using Java 17.0.7 with PID 25218 (/home/kyu/fall-2023/se452-nosql-starter/target/classes started by kyu in /home/kyu/fall-2023/se452-nosql-starter)
2023-07-26 12:31:05,664 INFO o.s.b.SpringApplication [main] The following 2 profiles are active: "user-database", "jwt"
2023-07-26 12:31:07,999 INFO o.s.b.StartupInfoLogger [main] Started App in 2.77 seconds (process running for 5.97)
2023-07-26 12:31:18,564 INFO o.s.b.StartupInfoLogger [main] Starting App using Java 17.0.7 with PID 25488 (/home/kyu/fall-2023/se452-nosql-starter/target/classes started by kyu in /home/kyu/fall-2023/se452-nosql-starter)
2023-07-26 12:31:18,575 INFO o.s.b.SpringApplication [main] The following 2 profiles are active: "user-database", "jwt"
2023-07-26 12:31:20,073 INFO o.s.b.StartupInfoLogger [main] Started App in 1.934 seconds (process running for 3.153)
2023-07-26 12:31:32,420 INFO o.s.b.StartupInfoLogger [main] Starting App using Java 17.0.7 with PID 25731 (/home/kyu/fall-2023/se452-nosql-starter/target/classes started by kyu in /home/kyu/fall-2023/se452-nosql-starter)
2023-07-26 12:31:32,425 INFO o.s.b.SpringApplication [main] The following 2 profiles are active: "user-database", "jwt"
2023-07-26 12:31:34,128 INFO o.s.b.StartupInfoLogger [main] Started App in 2.216 seconds (process running for 4.563)
2023-07-26 12:31:39,801 INFO e.d.c.s.c.App [main] adding course
2023-07-26 16:01:04,362 INFO o.s.b.StartupInfoLogger [main] Starting App using Java 17.0.7 with PID 16972 (/home/kyu/fall-2023/se452-nosql-starter/target/classes started by kyu in /home/kyu/fall-2023/se452-nosql-starter)
2023-07-26 16:01:04,368 INFO o.s.b.SpringApplication [main] The following 2 profiles are active: "user-database", "jwt"
2023-07-26 16:01:07,069 INFO o.s.b.StartupInfoLogger [main] Started App in 3.447 seconds (process running for 6.473)
2023-07-26 16:01:07,073 INFO e.d.c.s.c.App [main] adding course
2023-07-26 16:16:45,525 INFO o.s.b.StartupInfoLogger [main] Starting App using Java 17.0.7 with PID 29706 (/home/kyu/fall-2023/se452-nosql-starter/target/classes started by kyu in /home/kyu/fall-2023/se452-nosql-starter)
2023-07-26 16:16:45,574 INFO o.s.b.SpringApplication [main] The following 2 profiles are active: "user-database", "jwt"
2023-07-26 16:16:50,555 INFO o.s.b.StartupInfoLogger [main] Started App in 6.633 seconds (process running for 12.725)
2023-07-26 16:16:50,571 INFO e.d.c.s.c.App [main] adding course
2023-07-26 18:47:40,867 INFO o.s.b.StartupInfoLogger [main] Starting App using Java 17.0.7 with PID 5514 (/home/kyu/fall-2023/se452-nosql-starter/target/classes started by kyu in /home/kyu/fall-2023/se452-nosql-starter)
2023-07-26 18:47:40,877 INFO o.s.b.SpringApplication [main] The following 2 profiles are active: "user-database", "jwt"
2023-07-26 18:47:44,182 INFO o.s.b.StartupInfoLogger [main] Started App in 4.212 seconds (process running for 6.511)
2023-07-26 18:47:44,217 INFO e.d.c.s.c.App [main] adding course
2023-07-26 18:49:09,820 INFO o.s.b.StartupInfoLogger [main] Starting App using Java 17.0.7 with PID 6471 (/home/kyu/fall-2023/se452-nosql-starter/target/classes started by kyu in /home/kyu/fall-2023/se452-nosql-starter)
2023-07-26 18:49:09,826 INFO o.s.b.SpringApplication [main] The following 2 profiles are active: "user-database", "jwt"
2023-07-26 18:49:11,632 INFO o.s.b.StartupInfoLogger [main] Started App in 2.462 seconds (process running for 3.794)
2023-07-26 18:49:11,635 INFO e.d.c.s.c.App [main] adding course
2023-07-26 19:00:19,056 INFO o.s.b.StartupInfoLogger [main] Starting App using Java 17.0.7 with PID 13312 (/home/kyu/fall-2023/se452-nosql-starter/target/classes started by kyu in /home/kyu/fall-2023/se452-nosql-starter)
2023-07-26 19:00:19,062 INFO o.s.b.SpringApplication [main] The following 2 profiles are active: "user-database", "jwt"
2023-07-26 19:00:21,855 INFO o.s.b.StartupInfoLogger [main] Started App in 3.639 seconds (process running for 5.605)
2023-07-26 19:00:21,892 INFO e.d.c.s.c.App [main] adding course
2023-07-26 19:02:44,730 INFO o.s.b.StartupInfoLogger [main] Starting App using Java 17.0.7 with PID 14616 (/home/kyu/fall-2023/se452-nosql-starter/target/classes started by kyu in /home/kyu/fall-2023/se452-nosql-starter)
2023-07-26 19:02:44,735 INFO o.s.b.SpringApplication [main] The following 2 profiles are active: "user-database", "jwt"
2023-07-26 19:02:47,370 INFO o.s.b.StartupInfoLogger [main] Started App in 3.338 seconds (process running for 5.418)
2023-07-26 19:02:47,390 INFO e.d.c.s.c.App [main] adding course
2023-07-26 19:23:31,707 INFO o.s.b.StartupInfoLogger [main] Starting CourseRespositoryTest using Java 17.0.7 with PID 26671 (started by kyu in /home/kyu/fall-2023/se452-nosql-starter)
2023-07-26 19:23:31,717 INFO o.s.b.SpringApplication [main] The following 2 profiles are active: "user-database", "jwt"
2023-07-26 19:23:33,686 INFO o.s.b.StartupInfoLogger [main] Started CourseRespositoryTest in 2.49 seconds (process running for 4.461)
2023-07-26 19:23:33,709 INFO e.d.c.s.c.App [main] adding course
2023-07-26 20:03:07,039 INFO o.s.b.StartupInfoLogger [main] Starting App using Java 17.0.7 with PID 19128 (/home/kyu/fall-2023/se452-nosql-starter/target/classes started by kyu in /home/kyu/fall-2023/se452-nosql-starter)
2023-07-26 20:03:07,056 INFO o.s.b.SpringApplication [main] The following 2 profiles are active: "user-database", "jwt"
2023-07-26 20:03:10,248 INFO o.s.b.StartupInfoLogger [main] Started App in 3.846 seconds (process running for 5.292)
2023-07-26 20:08:57,114 INFO o.s.b.StartupInfoLogger [main] Starting App using Java 17.0.7 with PID 22625 (/home/kyu/fall-2023/se452-nosql-starter/target/classes started by kyu in /home/kyu/fall-2023/se452-nosql-starter)
2023-07-26 20:08:57,134 INFO o.s.b.SpringApplication [main] The following 2 profiles are active: "user-database", "jwt"
2023-07-26 20:08:59,927 INFO o.s.b.StartupInfoLogger [main] Started App in 3.309 seconds (process running for 4.528)
2023-07-26 20:18:54,224 INFO o.s.b.StartupInfoLogger [main] Starting InstructorRepositoryTest using Java 17.0.7 with PID 28827 (started by kyu in /home/kyu/fall-2023/se452-nosql-starter)
2023-07-26 20:18:54,230 INFO o.s.b.SpringApplication [main] The following 2 profiles are active: "user-database", "jwt"
2023-07-26 20:18:56,694 INFO o.s.b.StartupInfoLogger [main] Started InstructorRepositoryTest in 3.149 seconds (process running for 4.712)
2023-07-26 20:20:24,757 INFO o.s.b.StartupInfoLogger [main] Starting InstructorRepositoryTest using Java 17.0.7 with PID 29871 (started by kyu in /home/kyu/fall-2023/se452-nosql-starter)
2023-07-26 20:20:24,764 INFO o.s.b.SpringApplication [main] The following 2 profiles are active: "user-database", "jwt"
2023-07-26 20:20:26,794 INFO o.s.b.StartupInfoLogger [main] Started InstructorRepositoryTest in 2.385 seconds (process running for 4.166)
2023-07-26 20:21:45,380 INFO o.s.b.StartupInfoLogger [main] Starting InstructorRepositoryTest using Java 17.0.7 with PID 30592 (started by kyu in /home/kyu/fall-2023/se452-nosql-starter)
2023-07-26 20:21:45,384 INFO o.s.b.SpringApplication [main] The following 2 profiles are active: "user-database", "jwt"
2023-07-26 20:21:47,485 INFO o.s.b.StartupInfoLogger [main] Started InstructorRepositoryTest in 2.502 seconds (process running for 4.725)
2023-07-26 20:25:22,634 INFO o.s.b.StartupInfoLogger [main] Starting InstructorRepositoryTest using Java 17.0.7 with PID 32758 (started by kyu in /home/kyu/fall-2023/se452-nosql-starter)
2023-07-26 20:25:22,646 INFO o.s.b.SpringApplication [main] The following 2 profiles are active: "user-database", "jwt"
2023-07-26 20:25:24,973 INFO o.s.b.StartupInfoLogger [main] Started InstructorRepositoryTest in 2.782 seconds (process running for 4.303)
2023-07-26 20:26:35,793 INFO o.s.b.StartupInfoLogger [main] Starting InstructorRepositoryTest using Java 17.0.7 with PID 944 (started by kyu in /home/kyu/fall-2023/se452-nosql-starter)
2023-07-26 20:26:35,833 INFO o.s.b.SpringApplication [main] The following 2 profiles are active: "user-database", "jwt"
2023-07-26 20:26:37,937 INFO o.s.b.StartupInfoLogger [main] Started InstructorRepositoryTest in 2.7 seconds (process running for 4.612)
2023-07-26 20:32:49,073 INFO o.s.b.StartupInfoLogger [main] Starting InstructorRepositoryTest using Java 17.0.7 with PID 4275 (started by kyu in /home/kyu/fall-2023/se452-nosql-starter)
2023-07-26 20:32:49,089 INFO o.s.b.SpringApplication [main] The following 2 profiles are active: "user-database", "jwt"
2023-07-26 20:32:51,344 INFO o.s.b.StartupInfoLogger [main] Started InstructorRepositoryTest in 2.827 seconds (process running for 4.456)
2023-07-26 20:55:49,806 INFO o.s.b.StartupInfoLogger [main] Starting EmployeeRepositoryTest using Java 17.0.7 with PID 20442 (started by kyu in /home/kyu/fall-2023/se452-nosql-starter)
2023-07-26 20:55:49,818 INFO o.s.b.SpringApplication [main] The following 2 profiles are active: "user-database", "jwt"
2023-07-26 20:55:51,908 INFO o.s.b.StartupInfoLogger [main] Started EmployeeRepositoryTest in 3.039 seconds (process running for 7.634)
2023-07-26 20:57:00,948 INFO o.s.b.StartupInfoLogger [main] Starting EmployeeRepositoryTest using Java 17.0.7 with PID 21347 (started by kyu in /home/kyu/fall-2023/se452-nosql-starter)
2023-07-26 20:57:00,955 INFO o.s.b.SpringApplication [main] The following 2 profiles are active: "user-database", "jwt"
2023-07-26 20:57:02,978 INFO o.s.b.StartupInfoLogger [main] Started EmployeeRepositoryTest in 2.671 seconds (process running for 4.479)
2023-07-26 21:01:20,908 INFO o.s.b.StartupInfoLogger [main] Starting EmployeeRepositoryTest using Java 17.0.7 with PID 24375 (started by kyu in /home/kyu/fall-2023/se452-nosql-starter)
2023-07-26 21:01:20,917 INFO o.s.b.SpringApplication [main] The following 2 profiles are active: "user-database", "jwt"
2023-07-26 21:01:23,406 INFO o.s.b.StartupInfoLogger [main] Started EmployeeRepositoryTest in 2.916 seconds (process running for 8.461)
2023-07-26 21:02:43,773 INFO o.s.b.StartupInfoLogger [main] Starting EmployeeRepositoryTest using Java 17.0.7 with PID 25402 (started by kyu in /home/kyu/fall-2023/se452-nosql-starter)
2023-07-26 21:02:43,797 INFO o.s.b.SpringApplication [main] The following 2 profiles are active: "user-database", "jwt"
2023-07-26 21:02:46,259 INFO o.s.b.StartupInfoLogger [main] Started EmployeeRepositoryTest in 2.989 seconds (process running for 4.833)
2023-07-26 21:17:23,556 INFO o.s.b.StartupInfoLogger [main] Starting AuthenticationServiceTest using Java 17.0.7 with PID 3322 (started by kyu in /home/kyu/fall-2023/se452-nosql-starter)
2023-07-26 21:17:23,560 INFO o.s.b.SpringApplication [main] The following 2 profiles are active: "user-database", "jwt"
2023-07-26 21:17:25,869 INFO o.s.b.StartupInfoLogger [main] Started AuthenticationServiceTest in 2.635 seconds (process running for 4.165)
2023-07-26 21:22:49,881 INFO o.s.b.StartupInfoLogger [main] Starting AuthenticationServiceTest using Java 17.0.7 with PID 5753 (started by kyu in /home/kyu/fall-2023/se452-nosql-starter)
2023-07-26 21:22:49,886 INFO o.s.b.SpringApplication [main] The following 2 profiles are active: "user-database", "jwt"
2023-07-26 21:22:52,480 INFO o.s.b.StartupInfoLogger [main] Started AuthenticationServiceTest in 3.281 seconds (process running for 5.384)
2023-07-26 21:23:25,623 INFO o.s.b.StartupInfoLogger [main] Starting AuthenticationServiceTest using Java 17.0.7 with PID 6099 (started by kyu in /home/kyu/fall-2023/se452-nosql-starter)
2023-07-26 21:23:25,631 INFO o.s.b.SpringApplication [main] The following 2 profiles are active: "user-database", "jwt"
2023-07-26 21:23:27,771 INFO o.s.b.StartupInfoLogger [main] Started AuthenticationServiceTest in 2.654 seconds (process running for 4.905)
2023-07-26 21:31:15,578 INFO o.s.b.StartupInfoLogger [main] Starting AuthenticationServiceTest using Java 17.0.7 with PID 11528 (started by kyu in /home/kyu/fall-2023/se452-nosql-starter)
2023-07-26 21:31:15,587 INFO o.s.b.SpringApplication [main] The following 2 profiles are active: "user-database", "jwt"
2023-07-26 21:31:18,908 INFO o.s.b.StartupInfoLogger [main] Started AuthenticationServiceTest in 3.721 seconds (process running for 5.935)
2023-07-26 21:33:51,499 INFO o.s.b.StartupInfoLogger [main] Starting AuthenticationServiceTest using Java 17.0.7 with PID 12962 (started by kyu in /home/kyu/fall-2023/se452-nosql-starter)
2023-07-26 21:33:51,513 INFO o.s.b.SpringApplication [main] The following 2 profiles are active: "user-database", "jwt"
2023-07-26 21:33:55,302 INFO o.s.b.StartupInfoLogger [main] Started AuthenticationServiceTest in 4.652 seconds (process running for 13.03)
